INFO: (function: addDiscreteNuisances) Combine.cc: 1220 -- Adding discrete pdfindex_diMu9.0MuPho_EBHR9_13TeV 
INFO: (function: addDiscreteNuisances) Combine.cc: 1220 -- Adding discrete pdfindex_diMu9.0MuPho_EBLR9_13TeV 
INFO: (function: addDiscreteNuisances) Combine.cc: 1220 -- Adding discrete pdfindex_diMu9.0MuPho_EE_13TeV 
INFO: (function: addDiscreteNuisances) Combine.cc: 1220 -- Adding discrete pdfindex_diMu9.0MuPho_VBF_13TeV 
INFO: (function: addDiscreteNuisances) Combine.cc: 1220 -- Adding discrete pdfindex_diMu9.0MuPho_BST_13TeV 
INFO: (function: addDiscreteNuisances) Combine.cc: 1220 -- Adding discrete pdfindex_diMu25MuPho_EBHR9_13TeV 
INFO: (function: addDiscreteNuisances) Combine.cc: 1220 -- Adding discrete pdfindex_diMu25MuPho_EBLR9_13TeV 
INFO: (function: addDiscreteNuisances) Combine.cc: 1220 -- Adding discrete pdfindex_diMu25MuPho_EE_13TeV 
INFO: (function: addDiscreteNuisances) Combine.cc: 1220 -- Adding discrete pdfindex_diMu25MuPho_VBF_13TeV 
INFO: (function: addDiscreteNuisances) Combine.cc: 1220 -- Adding discrete pdfindex_diMu25MuPho_BST_13TeV 
INFO: (function: addDiscreteNuisances) Combine.cc: 1220 -- Adding discrete pdfindex_diMu50MuPho_13TeV 
INFO: (function: addDiscreteNuisances) Combine.cc: 1220 -- Adding discrete pdfindex_diMu9.0IsoMu_EBHR9_13TeV 
INFO: (function: addDiscreteNuisances) Combine.cc: 1220 -- Adding discrete pdfindex_diMu9.0IsoMu_EBLR9_13TeV 
INFO: (function: addDiscreteNuisances) Combine.cc: 1220 -- Adding discrete pdfindex_diMu9.0IsoMu_EE_13TeV 
INFO: (function: addDiscreteNuisances) Combine.cc: 1220 -- Adding discrete pdfindex_diMu9.0IsoMu_VBF_13TeV 
INFO: (function: addDiscreteNuisances) Combine.cc: 1220 -- Adding discrete pdfindex_diMu9.0IsoMu_BST_13TeV 
INFO: (function: addDiscreteNuisances) Combine.cc: 1220 -- Adding discrete pdfindex_diMu50IsoMu_EBHR9_13TeV 
INFO: (function: addDiscreteNuisances) Combine.cc: 1220 -- Adding discrete pdfindex_diMu50IsoMu_EBLR9_13TeV 
INFO: (function: addDiscreteNuisances) Combine.cc: 1220 -- Adding discrete pdfindex_diMu50IsoMu_EE_13TeV 
INFO: (function: addDiscreteNuisances) Combine.cc: 1220 -- Adding discrete pdfindex_diMu50IsoMu_VBF_13TeV 
INFO: (function: addDiscreteNuisances) Combine.cc: 1220 -- Adding discrete pdfindex_diMu50IsoMu_BST_13TeV 
INFO: (function: addDiscreteNuisances) Combine.cc: 1220 -- Adding discrete pdfindex_Merged2Gsf_VBF_13TeV 
INFO: (function: addDiscreteNuisances) Combine.cc: 1220 -- Adding discrete pdfindex_Merged2Gsf_BST_13TeV 
INFO: (function: addDiscreteNuisances) Combine.cc: 1220 -- Adding discrete pdfindex_Merged2Gsf_EBHR9_13TeV 
INFO: (function: addDiscreteNuisances) Combine.cc: 1220 -- Adding discrete pdfindex_Merged2Gsf_EBLR9_13TeV 
INFO: (function: addDiscreteNuisances) Combine.cc: 1220 -- Adding discrete pdfindex_Merged2Gsf_EE_13TeV 
INFO: (function: addDiscreteNuisances) Combine.cc: 1220 -- Adding discrete pdfindex_Resolved_13TeV 
